<?xml version="1.0" encoding="UTF-8"?>
<!-- Generated by org.testng.reporters.JUnitReportReporter -->
<testsuite skipped="0" hostname="DESKTOP-JKBQG4G" name="tests.CreateNewAccountTest" tests="1" failures="0" timestamp="16 Aug 2020 00:39:09 GMT" time="46.522" errors="0">
  <testcase name="CreateAndAuthenticateNewUser" time="46.522" classname="tests.CreateNewAccountTest"/>
</testsuite> <!-- tests.CreateNewAccountTest -->
