<?xml version="1.0" encoding="UTF-8"?>
<!-- Generated by org.testng.reporters.JUnitReportReporter -->
<testsuite skipped="0" hostname="DESKTOP-JKBQG4G" name="tests.WomenHoverMenuTest" tests="1" failures="0" timestamp="11 Aug 2020 17:44:02 GMT" time="5.121" errors="0">
  <testcase name="userCanSelectBlousesFromWomenMenu" time="5.121" classname="tests.WomenHoverMenuTest"/>
</testsuite> <!-- tests.WomenHoverMenuTest -->
