<?xml version="1.0" encoding="UTF-8"?>
<!-- Generated by org.testng.reporters.JUnitReportReporter -->
<testsuite skipped="0" hostname="DESKTOP-JKBQG4G" name="tests.RegisteredUserCanOrderProductTest" tests="4" failures="0" timestamp="16 Aug 2020 00:39:09 GMT" time="180.279" errors="0">
  <testcase name="UserCanSelectBlousesFromWomenHoverMenu" time="7.713" classname="tests.RegisteredUserCanOrderProductTest"/>
  <testcase name="AddToCart" time="6.434" classname="tests.RegisteredUserCanOrderProductTest"/>
  <testcase name="OrderProcessing" time="42.873" classname="tests.RegisteredUserCanOrderProductTest"/>
  <testcase name="BlouseOrderValidation" time="123.259" classname="tests.RegisteredUserCanOrderProductTest"/>
</testsuite> <!-- tests.RegisteredUserCanOrderProductTest -->
